<?xml version="1.0" encoding="UTF-8"?>
<!-- Generated by org.testng.reporters.JUnitReportReporter -->
<testsuite hostname="LAPTOP-P1FTFLTV" failures="0" tests="2" name="Automation.HomePage" time="12.157" errors="0" timestamp="17 Aug 2021 19:36:10 GMT" skipped="0">
  <testcase classname="Automation.HomePage" name="basePageNavigation" time="4.788"/>
  <testcase classname="Automation.HomePage" name="basePageNavigation" time="7.369"/>
</testsuite> <!-- Automation.HomePage -->
