<?xml version="1.0" encoding="UTF-8"?>
<!-- Generated by org.testng.reporters.JUnitReportReporter -->
<testsuite hostname="LAPTOP-P1FTFLTV" failures="0" tests="1" name="Automation.AppTest" time="0.008" errors="0" timestamp="2021-08-08T01:13:37 IST" skipped="0">
  <testcase classname="Automation.AppTest" name="shouldAnswerWithTrue" time="0.008"/>
  <system-out/>
</testsuite> <!-- Automation.AppTest -->
