<?xml version="1.0" encoding="UTF-8"?>
<!-- Generated by org.testng.reporters.JUnitReportReporter -->
<testsuite hostname="LAPTOP-P1FTFLTV" failures="0" tests="1" name="Automation.validateTitle" time="3.516" errors="0" timestamp="17 Aug 2021 19:36:10 GMT" skipped="0">
  <testcase classname="Automation.validateTitle" name="basePageNavigation" time="3.516"/>
</testsuite> <!-- Automation.validateTitle -->
