<?xml version="1.0" encoding="UTF-8"?>
<!-- Generated by org.testng.reporters.JUnitReportReporter -->
<testsuite hostname="LAPTOP-P1FTFLTV" failures="0" tests="1" name="Automation.validateNavigationBar" time="0.048" errors="0" timestamp="17 Aug 2021 19:36:10 GMT" skipped="0">
  <testcase classname="Automation.validateNavigationBar" name="basePageNavigation" time="0.048"/>
</testsuite> <!-- Automation.validateNavigationBar -->
