<?xml version="1.0" encoding="UTF-8"?>
<!-- Generated by org.testng.reporters.JUnitReportReporter -->
<testsuite hostname="LAPTOP-P1FTFLTV" failures="0" tests="2" name="Automation.HomePage" time="11.723" errors="0" timestamp="18 Aug 2021 18:23:35 GMT" skipped="0">
  <testcase classname="Automation.HomePage" name="basePageNavigation" time="5.941"/>
  <testcase classname="Automation.HomePage" name="basePageNavigation" time="5.782"/>
</testsuite> <!-- Automation.HomePage -->
