<?xml version="1.0" encoding="UTF-8"?>
<!-- Generated by org.testng.reporters.JUnitReportReporter -->
<testsuite hostname="LAPTOP-P1FTFLTV" failures="0" tests="2" name="test.Day2" time="0.012" errors="0" timestamp="2021-07-01T15:36:42 IST" skipped="0">
  <testcase classname="test.Day2" name="test31" time="0.002"/>
  <system-out/>
  <testcase classname="test.Day2" name="test3" time="0.010"/>
  <system-out/>
</testsuite> <!-- test.Day2 -->
