<?xml version="1.0" encoding="UTF-8"?>
<!-- Generated by org.testng.reporters.JUnitReportReporter -->
<testsuite hostname="LAPTOP-P1FTFLTV" failures="0" tests="1" name="test.FirstTest" time="0.007" errors="0" timestamp="2021-06-30T14:19:46 IST" skipped="0">
  <testcase classname="test.FirstTest" name="Demo" time="0.007"/>
  <system-out/>
</testsuite> <!-- test.FirstTest -->
