<?xml version="1.0" encoding="UTF-8"?>
<!-- Generated by org.testng.reporters.JUnitReportReporter -->
<testsuite hostname="LAPTOP-P1FTFLTV" failures="0" tests="2" name="Automation.HomePage" time="12.687" errors="0" timestamp="2021-08-19T15:34:33 IST" skipped="0">
  <testcase classname="Automation.HomePage" name="basePageNavigation" time="5.535"/>
  <system-out/>
  <testcase classname="Automation.HomePage" name="basePageNavigation" time="7.152"/>
  <system-out/>
</testsuite> <!-- Automation.HomePage -->
