<?xml version="1.0" encoding="UTF-8"?>
<!-- Generated by org.testng.reporters.JUnitReportReporter -->
<testsuite hostname="LAPTOP-P1FTFLTV" failures="0" tests="1" name="Automation.validateTitle" time="7.077" errors="0" timestamp="18 Aug 2021 18:23:35 GMT" skipped="0">
  <testcase classname="Automation.validateTitle" name="basePageNavigation" time="7.077"/>
</testsuite> <!-- Automation.validateTitle -->
