<?xml version="1.0" encoding="UTF-8"?>
<!-- Generated by org.testng.reporters.JUnitReportReporter -->
<testsuite hostname="LAPTOP-P1FTFLTV" failures="0" tests="1" name="MavenExtendReport.ExtendReports.ExtendReportDemo" time="41.534" errors="0" timestamp="2021-07-11T23:49:37 IST" skipped="0">
  <testcase classname="MavenExtendReport.ExtendReports.ExtendReportDemo" name="initialDemo" time="41.534"/>
  <system-out/>
</testsuite> <!-- MavenExtendReport.ExtendReports.ExtendReportDemo -->
