<?xml version="1.0" encoding="UTF-8"?>
<!-- Generated by org.testng.reporters.JUnitReportReporter -->
<testsuite hostname="LAPTOP-P1FTFLTV" failures="0" tests="2" name="Automation.HomePage" time="15.140" errors="0" timestamp="2021-08-20T23:10:26 IST" skipped="0">
  <testcase classname="Automation.HomePage" name="basePageNavigation" time="8.189"/>
  <system-out/>
  <testcase classname="Automation.HomePage" name="basePageNavigation" time="6.951"/>
  <system-out/>
</testsuite> <!-- Automation.HomePage -->
