<?xml version="1.0" encoding="UTF-8"?>
<!-- Generated by org.testng.reporters.JUnitReportReporter -->
<testsuite hostname="LAPTOP-P1FTFLTV" failures="0" tests="2" name="Automation.HomePage" time="8.796" errors="0" timestamp="2021-08-18T00:33:31 IST" skipped="0">
  <testcase classname="Automation.HomePage" name="basePageNavigation" time="4.419"/>
  <system-out/>
  <testcase classname="Automation.HomePage" name="basePageNavigation" time="4.377"/>
  <system-out/>
</testsuite> <!-- Automation.HomePage -->
