<?xml version="1.0" encoding="UTF-8"?>
<!-- Generated by org.testng.reporters.JUnitReportReporter -->
<testsuite hostname="LAPTOP-P1FTFLTV" failures="0" tests="1" name="Automation.validateTitle" time="3.356" errors="0" timestamp="2021-08-18T00:33:31 IST" skipped="0">
  <testcase classname="Automation.validateTitle" name="basePageNavigation" time="3.356"/>
  <system-out/>
</testsuite> <!-- Automation.validateTitle -->
