<?xml version="1.0" encoding="UTF-8"?>
<!-- Generated by org.testng.reporters.JUnitReportReporter -->
<testsuite hostname="LAPTOP-P1FTFLTV" failures="0" tests="1" name="Automation.HomePage" time="4.796" errors="0" timestamp="2021-08-11T22:59:00 IST" skipped="0">
  <testcase classname="Automation.HomePage" name="basePageNavigation" time="4.796"/>
  <system-out/>
</testsuite> <!-- Automation.HomePage -->
