<?xml version="1.0" encoding="UTF-8"?>
<!-- Generated by org.testng.reporters.JUnitReportReporter -->
<testsuite hostname="LAPTOP-P1FTFLTV" failures="0" tests="1" name="Automation.validateNavigationBar" time="5.756" errors="0" timestamp="2021-08-13T23:52:14 IST" skipped="0">
  <testcase classname="Automation.validateNavigationBar" name="basePageNavigation" time="5.756"/>
  <system-out/>
</testsuite> <!-- Automation.validateNavigationBar -->
