<?xml version="1.0" encoding="UTF-8"?>
<!-- Generated by org.testng.reporters.JUnitReportReporter -->
<testsuite hostname="LAPTOP-P1FTFLTV" failures="0" tests="1" name="Automation.validateTitle" time="6.897" errors="0" timestamp="2021-08-14T00:13:56 IST" skipped="0">
  <testcase classname="Automation.validateTitle" name="basePageNavigation" time="6.897"/>
  <system-out/>
</testsuite> <!-- Automation.validateTitle -->
