<?xml version="1.0" encoding="UTF-8"?>
<!-- Generated by org.testng.reporters.JUnitReportReporter -->
<testsuite hostname="LAPTOP-P1FTFLTV" failures="0" tests="2" name="Automation.HomePage" time="18.410" errors="0" timestamp="2021-08-19T15:30:01 IST" skipped="0">
  <testcase classname="Automation.HomePage" name="basePageNavigation" time="9.876"/>
  <system-out/>
  <testcase classname="Automation.HomePage" name="basePageNavigation" time="8.534"/>
  <system-out/>
</testsuite> <!-- Automation.HomePage -->
