<?xml version="1.0" encoding="UTF-8"?>
<!-- Generated by org.testng.reporters.JUnitReportReporter -->
<testsuite hostname="LAPTOP-P1FTFLTV" failures="0" tests="2" name="Automation.HomePage" time="22.922" errors="0" timestamp="2021-08-12T17:50:28 IST" skipped="0">
  <testcase classname="Automation.HomePage" name="basePageNavigation" time="13.702"/>
  <system-out/>
  <testcase classname="Automation.HomePage" name="basePageNavigation" time="9.220"/>
  <system-out/>
</testsuite> <!-- Automation.HomePage -->
