<?xml version="1.0" encoding="UTF-8"?>
<!-- Generated by org.testng.reporters.JUnitReportReporter -->
<testsuite hostname="LAPTOP-P1FTFLTV" failures="0" tests="2" name="Automation.HomePage" time="10.665" errors="0" timestamp="2021-08-14T00:13:56 IST" skipped="0">
  <testcase classname="Automation.HomePage" name="basePageNavigation" time="6.268"/>
  <system-out/>
  <testcase classname="Automation.HomePage" name="basePageNavigation" time="4.397"/>
  <system-out/>
</testsuite> <!-- Automation.HomePage -->
