<?xml version="1.0" encoding="UTF-8"?>
<!-- Generated by org.testng.reporters.JUnitReportReporter -->
<testsuite hostname="LAPTOP-P1FTFLTV" failures="0" tests="2" name="Automation.HomePage" time="11.529" errors="0" timestamp="2021-08-20T23:30:45 IST" skipped="0">
  <testcase classname="Automation.HomePage" name="basePageNavigation" time="7.022"/>
  <system-out/>
  <testcase classname="Automation.HomePage" name="basePageNavigation" time="4.507"/>
  <system-out/>
</testsuite> <!-- Automation.HomePage -->
