<?xml version="1.0" encoding="UTF-8"?>
<!-- Generated by org.testng.reporters.JUnitReportReporter -->
<testsuite hostname="LAPTOP-P1FTFLTV" failures="0" tests="2" name="Automation.HomePage" time="10.381" errors="0" timestamp="2021-08-18T01:09:33 IST" skipped="0">
  <testcase classname="Automation.HomePage" name="basePageNavigation" time="5.755"/>
  <system-out/>
  <testcase classname="Automation.HomePage" name="basePageNavigation" time="4.626"/>
  <system-out/>
</testsuite> <!-- Automation.HomePage -->
